2025-12-09 11:17:06,954 308 INFO odoo odoo.addons.base.models.ir_module: ALLOW access to module.button_immediate_upgrade on ['Document Management'] to user admin #2 via 192.168.2.174 
2025-12-09 11:17:06,959 308 INFO odoo odoo.addons.base.models.ir_module: ALLOW access to module.button_upgrade on ['Document Management'] to user admin #2 via 192.168.2.174 
2025-12-09 11:17:06,960 308 INFO odoo odoo.addons.base.models.ir_module: ALLOW access to module.update_list on ['Document Management'] to user admin #2 via 192.168.2.174 
2025-12-09 11:17:08,751 308 INFO odoo odoo.addons.base.models.ir_module: ALLOW access to module.button_install on [] to user admin #2 via 192.168.2.174 
2025-12-09 11:17:08,865 308 INFO odoo odoo.modules.loading: loading 1 modules... 
2025-12-09 11:17:08,876 308 INFO odoo odoo.modules.loading: 1 modules loaded in 0.01s, 0 queries (+0 extra) 
2025-12-09 11:17:08,927 308 INFO odoo odoo.modules.loading: updating modules list 
2025-12-09 11:17:08,933 308 INFO odoo odoo.addons.base.models.ir_module: ALLOW access to module.update_list on [] to user __system__ #1 via 192.168.2.174 
2025-12-09 11:17:10,632 308 INFO odoo odoo.modules.loading: loading 184 modules... 
2025-12-09 11:17:10,695 308 INFO odoo odoo.modules.loading: Loading module sh_document_management (44/184) 
2025-12-09 11:17:10,998 308 INFO odoo odoo.modules.registry: module sh_document_management: creating or updating database tables 
2025-12-09 11:17:11,338 308 INFO odoo odoo.modules.loading: loading sh_document_management/security/sh_document_management_groups.xml 
2025-12-09 11:17:11,568 308 INFO odoo odoo.modules.loading: loading sh_document_management/security/ir.model.access.csv 
2025-12-09 11:17:13,699 308 INFO odoo odoo.modules.loading: loading sh_document_management/views/ir_attachment_views.xml 
2025-12-09 11:17:13,753 308 WARNING odoo odoo.addons.base.models.ir_ui_view: 'kanban-box' is deprecated, define a 'card' template instead 
2025-12-09 11:17:13,780 308 INFO odoo odoo.modules.loading: loading sh_document_management/views/menus.xml 
2025-12-09 11:17:13,850 308 INFO odoo odoo.modules.loading: loading sh_document_management/views/document_tags_views.xml 
2025-12-09 11:17:13,897 308 INFO odoo odoo.modules.loading: loading sh_document_management/views/directory_tags_views.xml 
2025-12-09 11:17:13,942 308 INFO odoo odoo.modules.loading: loading sh_document_management/views/document_directory_views.xml 
2025-12-09 11:17:13,994 308 WARNING odoo odoo.addons.base.models.ir_ui_view: 'kanban-box' is deprecated, define a 'card' template instead 
2025-12-09 11:17:14,063 308 INFO odoo odoo.modules.loading: loading sh_document_management/data/ir_cron_data.xml 
2025-12-09 11:17:14,080 308 INFO odoo odoo.modules.loading: loading sh_document_management/data/mail_template_data.xml 
2025-12-09 11:17:14,091 308 INFO odoo odoo.addons.base.models.ir_module: module sh_document_management: no translation for language zh_TW 
2025-12-09 11:17:14,092 308 INFO odoo odoo.addons.base.models.ir_module: module sh_document_management: no translation for language ja_JP 
2025-12-09 11:17:14,092 308 INFO odoo odoo.addons.base.models.ir_module: module sh_document_management: no translation for language vi_VN 
2025-12-09 11:17:14,135 308 INFO odoo odoo.modules.loading: Module sh_document_management loaded in 3.44s, 450 queries (+450 other) 
2025-12-09 11:17:14,524 308 WARNING odoo odoo.models: The model account.account.type has no _description 
2025-12-09 11:17:14,530 308 WARNING odoo odoo.models: The model hr.payroll.report has no _description 
2025-12-09 11:17:14,585 308 INFO odoo odoo.modules.loading: 184 modules loaded in 3.95s, 450 queries (+450 extra) 
2025-12-09 11:17:15,142 308 WARNING odoo odoo.fields: Field account.asset.category.currency_id: unknown parameter 'hide', if this is an actual parameter you may want to override the method _valid_field_parameter on the relevant model in order to allow it 
2025-12-09 11:17:15,145 308 WARNING odoo odoo.fields: Field hr.payroll.report.start_date: unknown parameter 'invisible', if this is an actual parameter you may want to override the method _valid_field_parameter on the relevant model in order to allow it 
2025-12-09 11:17:15,146 308 WARNING odoo odoo.fields: Field hr.payroll.report.end_date: unknown parameter 'invisible', if this is an actual parameter you may want to override the method _valid_field_parameter on the relevant model in order to allow it 
2025-12-09 11:17:15,658 308 WARNING odoo odoo.fields: Field account.asset.category.currency_id: unknown parameter 'hide', if this is an actual parameter you may want to override the method _valid_field_parameter on the relevant model in order to allow it 
2025-12-09 11:17:15,661 308 WARNING odoo odoo.fields: Field hr.payroll.report.start_date: unknown parameter 'invisible', if this is an actual parameter you may want to override the method _valid_field_parameter on the relevant model in order to allow it 
2025-12-09 11:17:15,661 308 WARNING odoo odoo.fields: Field hr.payroll.report.end_date: unknown parameter 'invisible', if this is an actual parameter you may want to override the method _valid_field_parameter on the relevant model in order to allow it 
2025-12-09 11:17:16,617 308 INFO odoo odoo.modules.registry: verifying fields for every extended model 
2025-12-09 11:17:19,091 308 INFO odoo odoo.modules.loading: Modules loaded. 
2025-12-09 11:17:19,107 308 INFO odoo odoo.modules.registry: Registry changed, signaling through the database 
2025-12-09 11:17:19,108 308 INFO odoo odoo.modules.registry: Registry loaded in 10.295s 
2025-12-09 11:17:19,109 308 INFO odoo odoo.addons.base.models.ir_module: getting next ir.actions.todo() 
2025-12-09 11:17:19,118 308 INFO odoo werkzeug: 192.168.2.174 - - [09/Dec/2025 11:17:19] "POST /web/dataset/call_button/ir.module.module/button_immediate_upgrade HTTP/1.1" 200 - 6024 5.373 6.803
2025-12-09 11:17:19,150 308 INFO odoo odoo.addons.base.models.ir_http: Generating routing map for key 1 
2025-12-09 11:17:20,491 308 INFO odoo werkzeug: 192.168.2.174 - - [09/Dec/2025 11:17:20] "GET /odoo HTTP/1.1" 200 - 125 0.121 1.231
2025-12-09 11:17:20,643 311 INFO odoo longpolling: 192.168.2.174 - - [2025-12-09 11:17:20] "GET /websocket?version=18.0-5 HTTP/1.1" 101 494 103.256655 
2025-12-09 11:17:20,845 310 INFO ? odoo.modules.registry: Reloading the model registry after database signaling. 
2025-12-09 11:17:20,891 310 INFO ? odoo.modules.loading: loading 1 modules... 
2025-12-09 11:17:20,919 310 INFO ? odoo.modules.loading: 1 modules loaded in 0.03s, 0 queries (+0 extra) 
2025-12-09 11:17:20,930 308 INFO odoo werkzeug: 192.168.2.174 - - [09/Dec/2025 11:17:20] "POST /hr_attendance/attendance_user_data HTTP/1.1" 200 - 9 0.012 0.032
2025-12-09 11:17:20,941 308 INFO odoo werkzeug: 192.168.2.174 - - [09/Dec/2025 11:17:20] "POST /web/dataset/call_kw/res.lang/get_installed HTTP/1.1" 200 - 1 0.002 0.006
2025-12-09 11:17:20,959 310 INFO ? odoo.modules.loading: loading 184 modules... 
2025-12-09 11:17:20,985 308 INFO odoo werkzeug: 192.168.2.174 - - [09/Dec/2025 11:17:20] "POST /web/dataset/call_kw/ir.ui.view/render_public_asset HTTP/1.1" 200 - 7 0.011 0.032
2025-12-09 11:17:21,098 308 INFO odoo werkzeug: 192.168.2.174 - - [09/Dec/2025 11:17:21] "POST /mail/data HTTP/1.1" 200 - 50 0.059 0.053
2025-12-09 11:17:21,141 308 INFO odoo werkzeug: 192.168.2.174 - - [09/Dec/2025 11:17:21] "GET /web/image?model=res.users&field=avatar_128&id=2 HTTP/1.1" 304 - 16 0.014 0.024
2025-12-09 11:17:21,157 308 INFO odoo werkzeug: 192.168.2.174 - - [09/Dec/2025 11:17:21] "POST /web/action/load HTTP/1.1" 200 - 6 0.005 0.010
2025-12-09 11:17:21,185 310 WARNING ? odoo.models: The model account.account.type has no _description 
2025-12-09 11:17:21,190 310 WARNING ? odoo.models: The model hr.payroll.report has no _description 
2025-12-09 11:17:21,247 310 INFO ? odoo.modules.loading: 184 modules loaded in 0.29s, 0 queries (+0 extra) 
2025-12-09 11:17:21,338 308 INFO odoo werkzeug: 192.168.2.174 - - [09/Dec/2025 11:17:21] "POST /mail/data HTTP/1.1" 200 - 45 0.055 0.091
2025-12-09 11:17:21,440 308 INFO odoo werkzeug: 192.168.2.174 - - [09/Dec/2025 11:17:21] "POST /mail/inbox/messages HTTP/1.1" 200 - 5 0.008 0.011
2025-12-09 11:17:21,468 308 INFO odoo werkzeug: 192.168.2.174 - - [09/Dec/2025 11:17:21] "GET /web/image/res.partner/2/avatar_128?unique=1765279028000 HTTP/1.1" 200 - 7 0.008 0.018
2025-12-09 11:17:21,753 310 WARNING ? odoo.fields: Field account.asset.category.currency_id: unknown parameter 'hide', if this is an actual parameter you may want to override the method _valid_field_parameter on the relevant model in order to allow it 
2025-12-09 11:17:21,756 310 WARNING ? odoo.fields: Field hr.payroll.report.start_date: unknown parameter 'invisible', if this is an actual parameter you may want to override the method _valid_field_parameter on the relevant model in order to allow it 
2025-12-09 11:17:21,756 310 WARNING ? odoo.fields: Field hr.payroll.report.end_date: unknown parameter 'invisible', if this is an actual parameter you may want to override the method _valid_field_parameter on the relevant model in order to allow it 
2025-12-09 11:17:21,868 310 INFO ? odoo.modules.loading: Modules loaded. 
2025-12-09 11:17:21,896 310 INFO ? odoo.modules.registry: Registry loaded in 1.050s 
2025-12-09 11:17:21,898 310 INFO odoo odoo.addons.base.models.ir_http: Generating routing map for key 1 
2025-12-09 11:17:22,025 310 INFO odoo werkzeug: 192.168.2.174 - - [09/Dec/2025 11:17:22] "GET /bus/websocket_worker_bundle?v=18.0-5 HTTP/1.1" 304 - 30 0.070 1.113
2025-12-09 11:17:22,039 311 INFO ? odoo.modules.registry: Reloading the model registry after database signaling. 
2025-12-09 11:17:22,074 311 INFO ? odoo.modules.loading: loading 1 modules... 
2025-12-09 11:17:22,085 311 INFO ? odoo.modules.loading: 1 modules loaded in 0.01s, 0 queries (+0 extra) 
2025-12-09 11:17:22,121 311 INFO ? odoo.modules.loading: loading 184 modules... 
2025-12-09 11:17:22,328 311 WARNING ? odoo.models: The model account.account.type has no _description 
2025-12-09 11:17:22,333 311 WARNING ? odoo.models: The model hr.payroll.report has no _description 
2025-12-09 11:17:22,391 311 INFO ? odoo.modules.loading: 184 modules loaded in 0.27s, 0 queries (+0 extra) 
2025-12-09 11:17:22,874 311 WARNING ? odoo.fields: Field account.asset.category.currency_id: unknown parameter 'hide', if this is an actual parameter you may want to override the method _valid_field_parameter on the relevant model in order to allow it 
2025-12-09 11:17:22,877 311 WARNING ? odoo.fields: Field hr.payroll.report.start_date: unknown parameter 'invisible', if this is an actual parameter you may want to override the method _valid_field_parameter on the relevant model in order to allow it 
2025-12-09 11:17:22,877 311 WARNING ? odoo.fields: Field hr.payroll.report.end_date: unknown parameter 'invisible', if this is an actual parameter you may want to override the method _valid_field_parameter on the relevant model in order to allow it 
2025-12-09 11:17:22,993 311 INFO ? odoo.modules.loading: Modules loaded. 
2025-12-09 11:17:23,028 311 INFO ? odoo.modules.registry: Registry loaded in 0.989s 
2025-12-09 11:17:23,031 311 INFO odoo odoo.addons.base.models.ir_http: Generating routing map for key 1 
2025-12-09 11:18:35,089 312 INFO odoo odoo.modules.registry: Reloading the model registry after database signaling. 
2025-12-09 11:18:35,129 312 INFO odoo odoo.modules.loading: loading 1 modules... 
2025-12-09 11:18:35,146 312 INFO odoo odoo.modules.loading: 1 modules loaded in 0.02s, 0 queries (+0 extra) 
2025-12-09 11:18:35,177 312 INFO odoo odoo.modules.loading: loading 184 modules... 
2025-12-09 11:18:35,374 312 WARNING odoo odoo.models: The model account.account.type has no _description 
2025-12-09 11:18:35,379 312 WARNING odoo odoo.models: The model hr.payroll.report has no _description 
2025-12-09 11:18:35,433 312 INFO odoo odoo.modules.loading: 184 modules loaded in 0.26s, 0 queries (+0 extra) 
2025-12-09 11:18:35,994 312 WARNING odoo odoo.fields: Field account.asset.category.currency_id: unknown parameter 'hide', if this is an actual parameter you may want to override the method _valid_field_parameter on the relevant model in order to allow it 
2025-12-09 11:18:35,997 312 WARNING odoo odoo.fields: Field hr.payroll.report.start_date: unknown parameter 'invisible', if this is an actual parameter you may want to override the method _valid_field_parameter on the relevant model in order to allow it 
2025-12-09 11:18:35,997 312 WARNING odoo odoo.fields: Field hr.payroll.report.end_date: unknown parameter 'invisible', if this is an actual parameter you may want to override the method _valid_field_parameter on the relevant model in order to allow it 
2025-12-09 11:18:36,124 312 INFO odoo odoo.modules.loading: Modules loaded. 
2025-12-09 11:18:36,337 312 INFO odoo odoo.modules.registry: Registry loaded in 1.248s 
2025-12-09 11:18:36,339 312 INFO odoo odoo.addons.base.models.ir_cron: Job 'Base: Auto-vacuum internal data' (False) starting 
2025-12-09 11:18:36,406 312 INFO odoo odoo.addons.base.models.ir_attachment: filestore gc 1 checked, 0 removed 
2025-12-09 11:18:36,505 312 INFO odoo odoo.models.unlink: User #1 deleted ir.cron.progress records with IDs: [24091, 24092, 24093, 24094, 24095, 24096, 24097, 24098, 24099, 24100, 24101, 24102, 24103, 24104, 24105, 24106, 24107, 24108, 24109, 24110, 24111, 24112, 24113, 24114, 24115, 24116, 24117, 24118, 24119, 24120] 
2025-12-09 11:18:36,622 312 INFO odoo odoo.addons.base.models.res_users: GC'd 0 user log entries 
2025-12-09 11:18:36,644 312 INFO odoo odoo.addons.base.models.res_users: GC 'res.users.apikeys' delete 0 entries 
2025-12-09 11:18:36,654 312 INFO odoo odoo.addons.base.models.res_device: GC device logs delete 1 entries 
2025-12-09 11:18:36,662 312 INFO odoo odoo.addons.base.models.res_device: GC device logs delete 0 entries 
2025-12-09 11:18:36,676 312 INFO odoo odoo.models.unlink: User #1 deleted base.module.update records with IDs: [141] 
2025-12-09 11:18:36,712 312 INFO odoo odoo.addons.base.models.res_users: GC 'auth_totp.device' delete 0 entries 
2025-12-09 11:18:37,005 312 INFO odoo odoo.addons.sms.models.sms_sms: GC'd 0 sms marked for deletion 
2025-12-09 11:18:37,778 312 ERROR odoo odoo.addons.base.models.ir_autovacuum: Failed account.print.journal()._transient_vacuum() 
Traceback (most recent call last):
  File "/usr/lib/python3/dist-packages/odoo/addons/base/models/ir_autovacuum.py", line 38, in _run_vacuum_cleaner
    func(model)
  File "/usr/lib/python3/dist-packages/odoo/models.py", line 7493, in _transient_vacuum
    self._transient_clean_rows_older_than(self._transient_max_hours * 60 * 60)
  File "/usr/lib/python3/dist-packages/odoo/models.py", line 7517, in _transient_clean_rows_older_than
    self.sudo().browse(ids).unlink()
  File "/usr/lib/python3/dist-packages/odoo/models.py", line 4530, in unlink
    func(self)
  File "/usr/lib/python3/dist-packages/odoo/addons/account/models/account_report.py", line 286, in _unlink_if_no_variant
    raise UserError(_("You can't delete a report that has variants."))
odoo.exceptions.UserError: You can't delete a report that has variants.
2025-12-09 11:18:37,889 312 INFO odoo odoo.addons.base.models.ir_cron: Job 'Base: Auto-vacuum internal data' (False) done in 1.550s 
2025-12-09 11:18:37,896 312 INFO odoo odoo.addons.base.models.ir_cron: Job 'Base: Auto-vacuum internal data' (1) processed 0 records, 0 records remaining 
2025-12-09 11:18:37,919 312 INFO odoo odoo.addons.base.models.ir_cron: Job 'Base: Auto-vacuum internal data' (1) completed 